# JRE version: OpenJDK Runtime Environment (8.0_242-b01) (build 1.8.0_242-release-1644-b01)
# Java VM: OpenJDK 64-Bit Server VM (25.242-b01 mixed mode windows-amd64 compressed oops)
Heap:
 PSYoungGen      total 206848K, used 132152K [0x00000000e0000000, 0x00000000f0e80000, 0x0000000100000000)
  eden space 162816K, 64% used [0x00000000e0000000,0x00000000e664e278,0x00000000e9f00000)
  from space 44032K, 62% used [0x00000000e9f00000,0x00000000eb9bfe28,0x00000000eca00000)
  to   space 45056K, 0% used [0x00000000ee280000,0x00000000ee280000,0x00000000f0e80000)
 ParOldGen       total 338944K, used 160041K [0x00000000a0000000, 0x00000000b4b00000, 0x00000000e0000000)
  object space 338944K, 47% used [0x00000000a0000000,0x00000000a9c4a7a0,0x00000000b4b00000)
 Metaspace       used 75615K, capacity 79592K, committed 79704K, reserved 1118208K
  class space    used 9995K, capacity 10825K, committed 10880K, reserved 1048576K
GC Heap History (10 events):
Event: 47.620 GC heap before
{Heap before GC invocations=21 (full 3):
 PSYoungGen      total 163328K, used 160428K [0x00000000e0000000, 0x00000000ebc00000, 0x0000000100000000)
  eden space 147456K, 100% used [0x00000000e0000000,0x00000000e9000000,0x00000000e9000000)
  from space 15872K, 81% used [0x00000000e9000000,0x00000000e9cab220,0x00000000e9f80000)
  to   space 16896K, 0% used [0x00000000eab80000,0x00000000eab80000,0x00000000ebc00000)
 ParOldGen       total 146944K, used 49605K [0x00000000a0000000, 0x00000000a8f80000, 0x00000000e0000000)
  object space 146944K, 33% used [0x00000000a0000000,0x00000000a3071500,0x00000000a8f80000)
 Metaspace       used 69963K, capacity 73020K, committed 73304K, reserved 1112064K
  class space    used 9596K, capacity 10289K, committed 10368K, reserved 1048576K
Event: 47.650 GC heap after
Heap after GC invocations=21 (full 3):
 PSYoungGen      total 155648K, used 16864K [0x00000000e0000000, 0x00000000eec00000, 0x0000000100000000)
  eden space 138752K, 0% used [0x00000000e0000000,0x00000000e0000000,0x00000000e8780000)
  from space 16896K, 99% used [0x00000000eab80000,0x00000000ebbf8348,0x00000000ebc00000)
  to   space 36864K, 0% used [0x00000000e8780000,0x00000000e8780000,0x00000000eab80000)
 ParOldGen       total 146944K, used 97471K [0x00000000a0000000, 0x00000000a8f80000, 0x00000000e0000000)
  object space 146944K, 66% used [0x00000000a0000000,0x00000000a5f2fdc0,0x00000000a8f80000)
 Metaspace       used 69963K, capacity 73020K, committed 73304K, reserved 1112064K
  class space    used 9596K, capacity 10289K, committed 10368K, reserved 1048576K
}
Event: 48.483 GC heap before
{Heap before GC invocations=22 (full 3):
 PSYoungGen      total 155648K, used 151978K [0x00000000e0000000, 0x00000000eec00000, 0x0000000100000000)
  eden space 138752K, 97% used [0x00000000e0000000,0x00000000e83f2868,0x00000000e8780000)
  from space 16896K, 99% used [0x00000000eab80000,0x00000000ebbf8348,0x00000000ebc00000)
  to   space 36864K, 0% used [0x00000000e8780000,0x00000000e8780000,0x00000000eab80000)
 ParOldGen       total 146944K, used 97471K [0x00000000a0000000, 0x00000000a8f80000, 0x00000000e0000000)
  object space 146944K, 66% used [0x00000000a0000000,0x00000000a5f2fdc0,0x00000000a8f80000)
 Metaspace       used 70016K, capacity 73076K, committed 73304K, reserved 1112064K
  class space    used 9604K, capacity 10327K, committed 10368K, reserved 1048576K
Event: 48.515 GC heap after
Heap after GC invocations=22 (full 3):
 PSYoungGen      total 175616K, used 33699K [0x00000000e0000000, 0x00000000ef300000, 0x0000000100000000)
  eden space 138752K, 0% used [0x00000000e0000000,0x00000000e0000000,0x00000000e8780000)
  from space 36864K, 91% used [0x00000000e8780000,0x00000000ea868cb0,0x00000000eab80000)
  to   space 41984K, 0% used [0x00000000eca00000,0x00000000eca00000,0x00000000ef300000)
 ParOldGen       total 174592K, used 167261K [0x00000000a0000000, 0x00000000aaa80000, 0x00000000e0000000)
  object space 174592K, 95% used [0x00000000a0000000,0x00000000aa357440,0x00000000aaa80000)
 Metaspace       used 70016K, capacity 73076K, committed 73304K, reserved 1112064K
  class space    used 9604K, capacity 10327K, committed 10368K, reserved 1048576K
}
Event: 48.515 GC heap before
{Heap before GC invocations=23 (full 4):
 PSYoungGen      total 175616K, used 33699K [0x00000000e0000000, 0x00000000ef300000, 0x0000000100000000)
  eden space 138752K, 0% used [0x00000000e0000000,0x00000000e0000000,0x00000000e8780000)
  from space 36864K, 91% used [0x00000000e8780000,0x00000000ea868cb0,0x00000000eab80000)
  to   space 41984K, 0% used [0x00000000eca00000,0x00000000eca00000,0x00000000ef300000)
 ParOldGen       total 174592K, used 167261K [0x00000000a0000000, 0x00000000aaa80000, 0x00000000e0000000)
  object space 174592K, 95% used [0x00000000a0000000,0x00000000aa357440,0x00000000aaa80000)
 Metaspace       used 70016K, capacity 73076K, committed 73304K, reserved 1112064K
  class space    used 9604K, capacity 10327K, committed 10368K, reserved 1048576K
Event: 48.744 GC heap after
Heap after GC invocations=23 (full 4):
 PSYoungGen      total 175616K, used 0K [0x00000000e0000000, 0x00000000ef300000, 0x0000000100000000)
  eden space 138752K, 0% used [0x00000000e0000000,0x00000000e0000000,0x00000000e8780000)
  from space 36864K, 0% used [0x00000000e8780000,0x00000000e8780000,0x00000000eab80000)
  to   space 41984K, 0% used [0x00000000eca00000,0x00000000eca00000,0x00000000ef300000)
 ParOldGen       total 338944K, used 160025K [0x00000000a0000000, 0x00000000b4b00000, 0x00000000e0000000)
  object space 338944K, 47% used [0x00000000a0000000,0x00000000a9c467a0,0x00000000b4b00000)
 Metaspace       used 69942K, capacity 72876K, committed 73304K, reserved 1112064K
  class space    used 9580K, capacity 10285K, committed 10368K, reserved 1048576K
}
Event: 701.038 GC heap before
{Heap before GC invocations=24 (full 4):
 PSYoungGen      total 175616K, used 138752K [0x00000000e0000000, 0x00000000ef300000, 0x0000000100000000)
  eden space 138752K, 100% used [0x00000000e0000000,0x00000000e8780000,0x00000000e8780000)
  from space 36864K, 0% used [0x00000000e8780000,0x00000000e8780000,0x00000000eab80000)
  to   space 41984K, 0% used [0x00000000eca00000,0x00000000eca00000,0x00000000ef300000)
 ParOldGen       total 338944K, used 160025K [0x00000000a0000000, 0x00000000b4b00000, 0x00000000e0000000)
  object space 338944K, 47% used [0x00000000a0000000,0x00000000a9c467a0,0x00000000b4b00000)
 Metaspace       used 74148K, capacity 77342K, committed 77528K, reserved 1116160K
  class space    used 9887K, capacity 10636K, committed 10752K, reserved 1048576K
Event: 701.090 GC heap after
Heap after GC invocations=24 (full 4):
 PSYoungGen      total 204800K, used 28866K [0x00000000e0000000, 0x00000000ef500000, 0x0000000100000000)
  eden space 162816K, 0% used [0x00000000e0000000,0x00000000e0000000,0x00000000e9f00000)
  from space 41984K, 68% used [0x00000000eca00000,0x00000000ee630a80,0x00000000ef300000)
  to   space 44032K, 0% used [0x00000000e9f00000,0x00000000e9f00000,0x00000000eca00000)
 ParOldGen       total 338944K, used 160033K [0x00000000a0000000, 0x00000000b4b00000, 0x00000000e0000000)
  object space 338944K, 47% used [0x00000000a0000000,0x00000000a9c487a0,0x00000000b4b00000)
 Metaspace       used 74148K, capacity 77342K, committed 77528K, reserved 1116160K
  class space    used 9887K, capacity 10636K, committed 10752K, reserved 1048576K
}
Event: 748.850 GC heap before
{Heap before GC invocations=25 (full 4):
 PSYoungGen      total 204800K, used 191682K [0x00000000e0000000, 0x00000000ef500000, 0x0000000100000000)
  eden space 162816K, 100% used [0x00000000e0000000,0x00000000e9f00000,0x00000000e9f00000)
  from space 41984K, 68% used [0x00000000eca00000,0x00000000ee630a80,0x00000000ef300000)
  to   space 44032K, 0% used [0x00000000e9f00000,0x00000000e9f00000,0x00000000eca00000)
 ParOldGen       total 338944K, used 160033K [0x00000000a0000000, 0x00000000b4b00000, 0x00000000e0000000)
  object space 338944K, 47% used [0x00000000a0000000,0x00000000a9c487a0,0x00000000b4b00000)
 Metaspace       used 75014K, capacity 78698K, committed 78808K, reserved 1118208K
  class space    used 9954K, capacity 10752K, committed 10752K, reserved 1048576K
Event: 748.884 GC heap after
Heap after GC invocations=25 (full 4):
 PSYoungGen      total 206848K, used 27391K [0x00000000e0000000, 0x00000000f0e80000, 0x0000000100000000)
  eden space 162816K, 0% used [0x00000000e0000000,0x00000000e0000000,0x00000000e9f00000)
  from space 44032K, 62% used [0x00000000e9f00000,0x00000000eb9bfe28,0x00000000eca00000)
  to   space 45056K, 0% used [0x00000000ee280000,0x00000000ee280000,0x00000000f0e80000)
 ParOldGen       total 338944K, used 160041K [0x00000000a0000000, 0x00000000b4b00000, 0x00000000e0000000)
  object space 338944K, 47% used [0x00000000a0000000,0x00000000a9c4a7a0,0x00000000b4b00000)
 Metaspace       used 75014K, capacity 78698K, committed 78808K, reserved 1118208K
  class space    used 9954K, capacity 10752K, committed 10752K, reserved 1048576K
}

